<?xml version="1.0" encoding="UTF-8"?>
<testng-results ignored="0" total="2" passed="2" failed="0" skipped="0">
  <reporter-output>
  </reporter-output>
  <suite started-at="2023-10-17T12:07:20 IST" name="Suite" finished-at="2023-10-17T12:08:14 IST" duration-ms="54830">
    <groups>
    </groups>
    <test started-at="2023-10-17T12:07:20 IST" name="Test" finished-at="2023-10-17T12:08:14 IST" duration-ms="54830">
      <class name="Tests.TestNg2">
        <test-method is-config="true" signature="launchBrowser()[pri:0, instance:Tests.TestNg2@27406a17]" started-at="2023-10-17T12:07:20 IST" name="launchBrowser" finished-at="2023-10-17T12:07:25 IST" duration-ms="5377" status="PASS">
          <reporter-output>
          </reporter-output>
        </test-method> <!-- launchBrowser -->
        <test-method is-config="true" signature="getURL()[pri:0, instance:Tests.TestNg2@27406a17]" started-at="2023-10-17T12:07:25 IST" name="getURL" finished-at="2023-10-17T12:07:29 IST" duration-ms="3826" status="PASS">
          <reporter-output>
          </reporter-output>
        </test-method> <!-- getURL -->
        <test-method signature="TestBecomeASeller()[pri:0, instance:Tests.TestNg2@27406a17]" started-at="2023-10-17T12:07:29 IST" name="TestBecomeASeller" finished-at="2023-10-17T12:07:39 IST" duration-ms="9584" status="PASS">
          <reporter-output>
          </reporter-output>
        </test-method> <!-- TestBecomeASeller -->
        <test-method is-config="true" signature="logOutApplication()[pri:0, instance:Tests.TestNg2@27406a17]" started-at="2023-10-17T12:07:39 IST" name="logOutApplication" finished-at="2023-10-17T12:07:39 IST" duration-ms="626" status="PASS">
          <reporter-output>
          </reporter-output>
        </test-method> <!-- logOutApplication -->
      </class> <!-- Tests.TestNg2 -->
      <class name="Tests.TestNgClass">
        <test-method is-config="true" signature="launchBrowser()[pri:0, instance:Tests.TestNgClass@117159c0]" started-at="2023-10-17T12:07:39 IST" name="launchBrowser" finished-at="2023-10-17T12:07:41 IST" duration-ms="2239" status="PASS">
          <reporter-output>
          </reporter-output>
        </test-method> <!-- launchBrowser -->
        <test-method is-config="true" signature="getURL()[pri:0, instance:Tests.TestNgClass@117159c0]" started-at="2023-10-17T12:07:41 IST" name="getURL" finished-at="2023-10-17T12:07:45 IST" duration-ms="3662" status="PASS">
          <reporter-output>
          </reporter-output>
        </test-method> <!-- getURL -->
        <test-method signature="TestElectricBikeBuy()[pri:3, instance:Tests.TestNgClass@117159c0]" started-at="2023-10-17T12:07:45 IST" name="TestElectricBikeBuy" finished-at="2023-10-17T12:08:11 IST" duration-ms="25722" status="PASS">
          <reporter-output>
          </reporter-output>
        </test-method> <!-- TestElectricBikeBuy -->
        <test-method is-config="true" signature="returnToMainPage()[pri:0, instance:Tests.TestNgClass@117159c0]" started-at="2023-10-17T12:08:11 IST" name="returnToMainPage" finished-at="2023-10-17T12:08:14 IST" duration-ms="3009" status="PASS">
          <reporter-output>
          </reporter-output>
        </test-method> <!-- returnToMainPage -->
        <test-method is-config="true" signature="logOutApplication()[pri:0, instance:Tests.TestNgClass@117159c0]" started-at="2023-10-17T12:08:14 IST" name="logOutApplication" finished-at="2023-10-17T12:08:14 IST" duration-ms="670" status="PASS">
          <reporter-output>
          </reporter-output>
        </test-method> <!-- logOutApplication -->
      </class> <!-- Tests.TestNgClass -->
    </test> <!-- Test -->
  </suite> <!-- Suite -->
</testng-results>
